This is e-upTeX, Version 3.141592653-p4.1.1-u1.30-230214-2.6 (utf8.sjis) (TeX Live 2024) (preloaded format=platex 2024.4.11)  7 FEB 2025 17:51
entering extended mode
 restricted \write18 enabled.
 file:line:error style messages enabled.
 %&-line parsing enabled.
**c:/Users/hiroki2030/Desktop/2024_Hamaguchi_Graduation_Theses-hiroki/2024_hamaguchi_graduationthesis.tex
(c:/Users/hiroki2030/Desktop/2024_Hamaguchi_Graduation_Theses-hiroki/2024_hamaguchi_graduationthesis.tex
pLaTeX2e <2023-02-14>+1, based on
LaTeX2e <2023-11-01> patch level 1
L3 programming layer <2024-03-14>
(c:/texlive/2024/texmf-dist/tex/platex/base/jarticle.cls
Document Class: jarticle 2020/09/30 v1.8f Standard pLaTeX class
\c@@paper=\count187
(c:/texlive/2024/texmf-dist/tex/platex/base/jsize11.clo
File: jsize11.clo 2020/09/30 v1.8f Standard pLaTeX file (size option)
)
\c@part=\count188
\c@section=\count189
\c@subsection=\count190
\c@subsubsection=\count191
\c@paragraph=\count192
\c@subparagraph=\count193
\c@figure=\count194
\c@table=\count195
\abovecaptionskip=\skip48
\belowcaptionskip=\skip49
\symmincho=\mathgroup4
LaTeX Font Info:    Overwriting symbol font `mincho' in version `bold'
(Font)                  JY1/mc/m/n --> JY1/gt/m/n on input line 615.
\toclineskip=\dimen156
\@lnumwidth=\dimen157
\bibindent=\dimen158
\heisei=\count196
) (c:/texlive/2024/texmf-dist/tex/latex/graphics/graphicx.sty
Package: graphicx 2021/09/16 v1.2d Enhanced LaTeX Graphics (DPC,SPQR)
 (c:/texlive/2024/texmf-dist/tex/latex/graphics/keyval.sty
Package: keyval 2022/05/29 v1.15 key=value parser (DPC)
\KV@toks@=\toks18
) (c:/texlive/2024/texmf-dist/tex/latex/graphics/graphics.sty
Package: graphics 2022/03/10 v1.4e Standard LaTeX Graphics (DPC,SPQR)
 (c:/texlive/2024/texmf-dist/tex/latex/graphics/trig.sty
Package: trig 2021/08/11 v1.11 sin cos tan (DPC)
) (c:/texlive/2024/texmf-dist/tex/latex/graphics-cfg/graphics.cfg
File: graphics.cfg 2016/06/04 v1.11 sample graphics configuration
)
Package graphics Info: Driver file: dvipdfmx.def on input line 107.
 (c:/texlive/2024/texmf-dist/tex/latex/graphics-def/dvipdfmx.def
File: dvipdfmx.def 2022/09/22 v5.0m Graphics/color driver for dvipdfmx
))
\Gin@req@height=\dimen159
\Gin@req@width=\dimen160
) (./sty/fancyheadings.sty
\headrulewidth=\dimen161
\footrulewidth=\dimen162
\plainheadrulewidth=\dimen163
\plainfootrulewidth=\dimen164
\headwidth=\dimen165
) (./sty/sotsuron2009.sty) (c:/texlive/2024/texmf-dist/tex/latex/here/here.sty) (c:/texlive/2024/texmf-dist/tex/latex/float/float.sty
Package: float 2001/11/08 v1.3d Float enhancements (AL)
\c@float@type=\count197
\float@exts=\toks19
\float@box=\box68
\@float@everytoks=\toks20
\@floatcapt=\box69
) (c:/texlive/2024/texmf-dist/tex/latex/ascmac/ascmac.sty
Package: ascmac 2020/01/15 v2.1 ascmac wrapper (community edition) 
 (c:/texlive/2024/texmf-dist/tex/latex/ascmac/tascmac.sty
Package: tascmac 2020/01/15 v2.1 ascmac package (community edition) 
\@savetbaselineshift=\dimen166
\@saveybaselineshift=\dimen167
\scb@x=\box70
\scscb@x=\box71
\@bw=\dimen168
\@nbox=\box72
\@nbody=\box73
\@scw=\dimen169
\ascmac@hoboxa=\box74
\ascmac@hoboxb=\box75
\@itemh=\dimen170
\@iboxpos=\toks21
\@iboxstr=\box76
\@bwsp=\box77
\@@bwsp=\box78
\@bcal=\count198
\shaderule=\dimen171
)) (c:/texlive/2024/texmf-dist/tex/latex/caption/subcaption.sty
Package: subcaption 2023/07/28 v1.6b Sub-captions (AR)
 (c:/texlive/2024/texmf-dist/tex/latex/caption/caption.sty
Package: caption 2023/08/05 v3.6o Customizing captions (AR)
 (c:/texlive/2024/texmf-dist/tex/latex/caption/caption3.sty
Package: caption3 2023/07/31 v2.4d caption3 kernel (AR)
\caption@tempdima=\dimen172
\captionmargin=\dimen173
\caption@leftmargin=\dimen174
\caption@rightmargin=\dimen175
\caption@width=\dimen176
\caption@indent=\dimen177
\caption@parindent=\dimen178
\caption@hangindent=\dimen179
Package caption Info: Unknown document class (or package),
(caption)             standard defaults will be used.
Package caption Info: \@makecaption = \long macro:#1#2->\vskip \abovecaptionskip \iftdir \sbox \@tempboxa {#1\hskip 1zw#2}\else \sbox \@tempboxa {#1: #2}\fi \ifdim \wd \@tempboxa >\hsize \iftdir #1\hskip 1zw#2\relax \par \else #1: #2\relax \par \fi \else \global \@minipagefalse \hb@xt@ \hsize {\hfil \box \@tempboxa \hfil }\fi \vskip \belowcaptionskip  on input line 1175.
)

Package caption Warning: Unknown document class (or package),
(caption)                standard defaults will be used.
See the caption package documentation for explanation.

\c@caption@flags=\count199
\c@continuedfloat=\count266
Package caption Info: float package is loaded.
)
Package caption Info: New subtype `subfigure' on input line 238.
\c@subfigure=\count267
Package caption Info: New subtype `subtable' on input line 238.
\c@subtable=\count268
) (c:/texlive/2024/texmf-dist/tex/latex/cite/cite.sty
LaTeX Info: Redefining \cite on input line 302.
LaTeX Info: Redefining \nocite on input line 332.
Package: cite 2015/02/27  v 5.5
) (c:/texlive/2024/texmf-dist/tex/latex/amsmath/amsmath.sty
Package: amsmath 2023/05/13 v2.17o AMS math features
\@mathmargin=\skip50

For additional information on amsmath, use the `?' option.
(c:/texlive/2024/texmf-dist/tex/latex/amsmath/amstext.sty
Package: amstext 2021/08/26 v2.01 AMS text
 (c:/texlive/2024/texmf-dist/tex/latex/amsmath/amsgen.sty
File: amsgen.sty 1999/11/30 v2.0 generic functions
\@emptytoks=\toks22
\ex@=\dimen180
)) (c:/texlive/2024/texmf-dist/tex/latex/amsmath/amsbsy.sty
Package: amsbsy 1999/11/29 v1.2d Bold Symbols
\pmbraise@=\dimen181
) (c:/texlive/2024/texmf-dist/tex/latex/amsmath/amsopn.sty
Package: amsopn 2022/04/08 v2.04 operator names
)
\inf@bad=\count269
LaTeX Info: Redefining \frac on input line 234.
\uproot@=\count270
\leftroot@=\count271
LaTeX Info: Redefining \overline on input line 399.
LaTeX Info: Redefining \colon on input line 410.
\classnum@=\count272
\DOTSCASE@=\count273
LaTeX Info: Redefining \ldots on input line 496.
LaTeX Info: Redefining \dots on input line 499.
LaTeX Info: Redefining \cdots on input line 620.
\Mathstrutbox@=\box79
\strutbox@=\box80
LaTeX Info: Redefining \big on input line 722.
LaTeX Info: Redefining \Big on input line 723.
LaTeX Info: Redefining \bigg on input line 724.
LaTeX Info: Redefining \Bigg on input line 725.
\big@size=\dimen182
LaTeX Font Info:    Redeclaring font encoding OML on input line 743.
LaTeX Font Info:    Redeclaring font encoding OMS on input line 744.
\macc@depth=\count274
LaTeX Info: Redefining \bmod on input line 905.
LaTeX Info: Redefining \pmod on input line 910.
LaTeX Info: Redefining \smash on input line 940.
LaTeX Info: Redefining \relbar on input line 970.
LaTeX Info: Redefining \Relbar on input line 971.
\c@MaxMatrixCols=\count275
\dotsspace@=\muskip16
\c@parentequation=\count276
\dspbrk@lvl=\count277
\tag@help=\toks23
\row@=\count278
\column@=\count279
\maxfields@=\count280
\andhelp@=\toks24
\eqnshift@=\dimen183
\alignsep@=\dimen184
\tagshift@=\dimen185
\tagwidth@=\dimen186
\totwidth@=\dimen187
\lineht@=\dimen188
\@envbody=\toks25
\multlinegap=\skip51
\multlinetaggap=\skip52
\mathdisplay@stack=\toks26
LaTeX Info: Redefining \[ on input line 2953.
LaTeX Info: Redefining \] on input line 2954.
) (c:/texlive/2024/texmf-dist/tex/latex/tools/bm.sty
Package: bm 2023/07/08 v1.2f Bold Symbol Support (DPC/FMi)
\symboldoperators=\mathgroup5
\symboldletters=\mathgroup6
\symboldsymbols=\mathgroup7
Package bm Info: No bold for \OMX/cmex/m/n, using \pmb.
\symboldmincho=\mathgroup8
LaTeX Font Info:    Redeclaring math alphabet \mathbf on input line 149.
) (c:/texlive/2024/texmf-dist/tex/latex/comment/comment.sty
\CommentStream=\write3
 Excluding comment 'comment') (c:/texlive/2024/texmf-dist/tex/latex/setspace/setspace.sty
Package: setspace 2022/12/04 v6.7b set line spacing
) (c:/texlive/2024/texmf-dist/tex/latex/autobreak/autobreak.sty
Package: autobreak 2017/02/23 v0.3 simple line breaking of long formulae
\everybeforeautobreak=\toks27
\everyafterautobreak=\toks28
\@autobreak@alltoks=\toks29
\@autobreak@linetoks=\toks30
\@autobreak@lhswidth=\dimen189
\@autobreak@rhswidth=\dimen190
\@autobreak@maxlhswidth=\dimen191
\@autobreak@realmaxlhswidth=\dimen192
\@autobreak@maxrhswidth=\dimen193
\c@@autobreak@eqnindex=\count281
\c@@autobreak@subeqnindex=\count282
 (c:/texlive/2024/texmf-dist/tex/generic/catchfile/catchfile.sty
Package: catchfile 2019/12/09 v1.8 Catch the contents of a file (HO)
 (c:/texlive/2024/texmf-dist/tex/generic/infwarerr/infwarerr.sty
Package: infwarerr 2019/12/03 v1.5 Providing info/warning/error messages (HO)
) (c:/texlive/2024/texmf-dist/tex/generic/ltxcmds/ltxcmds.sty
Package: ltxcmds 2023-12-04 v1.26 LaTeX kernel commands for general use (HO)
) (c:/texlive/2024/texmf-dist/tex/generic/etexcmds/etexcmds.sty
Package: etexcmds 2019/12/15 v1.7 Avoid name clashes with e-TeX commands (HO)
 (c:/texlive/2024/texmf-dist/tex/generic/iftex/iftex.sty
Package: iftex 2022/02/03 v1.0f TeX engine tests
)))) (c:/texlive/2024/texmf-dist/tex/latex/pdfpages/pdfpages.sty
Package: pdfpages 2024/01/21 v0.5y Insert pages of external PDF documents (AM)
 (c:/texlive/2024/texmf-dist/tex/latex/base/ifthen.sty
Package: ifthen 2022/04/13 v1.1d Standard LaTeX ifthen package (DPC)
) (c:/texlive/2024/texmf-dist/tex/latex/tools/calc.sty
Package: calc 2023/07/08 v4.3 Infix arithmetic (KKT,FJ)
\calc@Acount=\count283
\calc@Bcount=\count284
\calc@Adimen=\dimen194
\calc@Bdimen=\dimen195
\calc@Askip=\skip53
\calc@Bskip=\skip54
LaTeX Info: Redefining \setlength on input line 80.
LaTeX Info: Redefining \addtolength on input line 81.
\calc@Ccount=\count285
\calc@Cskip=\skip55
) (c:/texlive/2024/texmf-dist/tex/latex/eso-pic/eso-pic.sty
Package: eso-pic 2023/05/03 v3.0c eso-pic (RN)
\ESO@tempdima=\dimen196
\ESO@tempdimb=\dimen197
 (c:/texlive/2024/texmf-dist/tex/latex/xcolor/xcolor.sty
Package: xcolor 2023/11/15 v3.01 LaTeX color extensions (UK)
 (c:/texlive/2024/texmf-dist/tex/latex/graphics-cfg/color.cfg
File: color.cfg 2016/01/02 v1.6 sample color configuration
)
Package xcolor Info: Driver file: dvipdfmx.def on input line 274.
 (c:/texlive/2024/texmf-dist/tex/latex/graphics/mathcolor.ltx)
Package xcolor Info: Model `cmy' substituted by `cmy0' on input line 1350.
Package xcolor Info: Model `RGB' extended on input line 1366.
Package xcolor Info: Model `HTML' substituted by `rgb' on input line 1368.
Package xcolor Info: Model `Hsb' substituted by `hsb' on input line 1369.
Package xcolor Info: Model `tHsb' substituted by `hsb' on input line 1370.
Package xcolor Info: Model `HSB' substituted by `hsb' on input line 1371.
Package xcolor Info: Model `Gray' substituted by `gray' on input line 1372.
Package xcolor Info: Model `wave' substituted by `hsb' on input line 1373.
))
\AM@pagewidth=\dimen198
\AM@pageheight=\dimen199
\AM@fboxrule=\dimen256
 (c:/texlive/2024/texmf-dist/tex/latex/pdfpages/ppdvipdfmx.def
File: ppdvipdfmx.def 2024/01/21 v0.5y Pdfpages driver for dvipdfmx (AM)
)
\pdfpages@includegraphics@status=\count286
\AM@pagebox=\box81
\AM@global@opts=\toks31
\AM@pagecnt=\count287
\AM@toc@title=\toks32
\AM@lof@heading=\toks33
\c@AM@survey=\count288
\AM@templatesizebox=\box82
) (c:/texlive/2024/texmf-dist/tex/latex/l3backend/l3backend-dvipdfmx.def
File: l3backend-dvipdfmx.def 2024-03-14 L3 backend support: dvipdfmx
\g__graphics_track_int=\count289
\l__pdf_internal_box=\box83
\g__pdf_backend_object_int=\count290
\g__pdf_backend_annotation_int=\count291
\g__pdf_backend_link_int=\count292
) (./2024_hamaguchi_graduationthesis.aux (./chapters/abstract.aux) (./chapters/introduction.aux) (./chapters/sec2.aux) (./chapters/sec3.aux) (./chapters/sec4.aux) (./chapters/sec5.aux) (./chapters/conclusion.aux) (./chapters/acknowledgement.aux) (./chapters/bibliography.aux))
\openout1 = `2024_hamaguchi_graduationthesis.aux'.

LaTeX Font Info:    Checking defaults for OML/cmm/m/it on input line 34.
LaTeX Font Info:    ... okay on input line 34.
LaTeX Font Info:    Checking defaults for OMS/cmsy/m/n on input line 34.
LaTeX Font Info:    ... okay on input line 34.
LaTeX Font Info:    Checking defaults for OT1/cmr/m/n on input line 34.
LaTeX Font Info:    ... okay on input line 34.
LaTeX Font Info:    Checking defaults for T1/cmr/m/n on input line 34.
LaTeX Font Info:    ... okay on input line 34.
LaTeX Font Info:    Checking defaults for TS1/cmr/m/n on input line 34.
LaTeX Font Info:    ... okay on input line 34.
LaTeX Font Info:    Checking defaults for OMX/cmex/m/n on input line 34.
LaTeX Font Info:    ... okay on input line 34.
LaTeX Font Info:    Checking defaults for U/cmr/m/n on input line 34.
LaTeX Font Info:    ... okay on input line 34.
LaTeX Font Info:    Checking defaults for JY1/mc/m/n on input line 34.
LaTeX Font Info:    ... okay on input line 34.
LaTeX Font Info:    Checking defaults for JT1/mc/m/n on input line 34.
LaTeX Font Info:    ... okay on input line 34.
Package caption Info: Begin \AtBeginDocument code.
Package caption Info: End \AtBeginDocument code.
 (c:/texlive/2024/texmf-dist/tex/latex/pdflscape/pdflscape.sty
Package: pdflscape 2022-10-27 v0.13 Display of landscape pages in PDF
 (c:/texlive/2024/texmf-dist/tex/latex/pdflscape/pdflscape-nometadata.sty
Package: pdflscape-nometadata 2022-10-28 v0.13 Display of landscape pages in PDF (HO)
 (c:/texlive/2024/texmf-dist/tex/latex/graphics/lscape.sty
Package: lscape 2020/05/28 v3.02 Landscape Pages (DPC)
)))
File: hyoushi.pdf Graphic file (type pdf)
<hyoushi.pdf>
File: hyoushi.pdf Graphic file (type pdf)
<hyoushi.pdf>
File: hyoushi.pdf Graphic file (type pdf)
<hyoushi.pdf>
File: hyoushi.pdf Graphic file (type pdf)
<hyoushi.pdf>
File: hyoushi.pdf Graphic file (type pdf)
<hyoushi.pdf>
 [1


]
\openout2 = `chapters/abstract.aux'.

 (./chapters/abstract.tex
LaTeX Font Info:    Font shape `JT1/mc/bx/n' in size <14.4> not available
(Font)              Font shape `JT1/gt/m/n' tried instead on input line 2.
LaTeX Font Info:    Font shape `JY1/mc/bx/n' in size <14.4> not available
(Font)              Font shape `JY1/gt/m/n' tried instead on input line 2.
 [2

])
Overfull \vbox (16.5851pt too high) has occurred while \output is active []

 [3] (./2024_hamaguchi_graduationthesis.toc
LaTeX Font Info:    Font shape `JT1/mc/bx/n' in size <10.95> not available
(Font)              Font shape `JT1/gt/m/n' tried instead on input line 1.
LaTeX Font Info:    Font shape `JY1/mc/bx/n' in size <10.95> not available
(Font)              Font shape `JY1/gt/m/n' tried instead on input line 1.
)
\tf@toc=\write4
\openout4 = `2024_hamaguchi_graduationthesis.toc'.

 [4


]
\openout2 = `chapters/introduction.aux'.

 (./chapters/introduction.tex)
Overfull \vbox (16.5851pt too high) has occurred while \output is active []

 [1

]
\openout2 = `chapters/sec2.aux'.

 (./chapters/sec2.tex
LaTeX Font Info:    Font shape `JT1/mc/bx/n' in size <12> not available
(Font)              Font shape `JT1/gt/m/n' tried instead on input line 4.
LaTeX Font Info:    Font shape `JY1/mc/bx/n' in size <12> not available
(Font)              Font shape `JY1/gt/m/n' tried instead on input line 4.
File: image/MPA_kousei.png Graphic file (type bmp)
<image/MPA_kousei.png>
File: image/MPA_dousa.png Graphic file (type bmp)
<image/MPA_dousa.png>
File: image/hikaku.jpg Graphic file (type bmp)
<image/hikaku.jpg>
File: image/kinkokkaku.JPG Graphic file (type bmp)
<image/kinkokkaku.JPG>
File: image/takoJPG.JPG Graphic file (type bmp)
<image/takoJPG.JPG>
File: image/robot_scale.JPG Graphic file (type bmp)
<image/robot_scale.JPG>
File: image/mosiki.JPG Graphic file (type bmp)
<image/mosiki.JPG>
File: image/move1all.png Graphic file (type bmp)
<image/move1all.png>
File: image/move2all.png Graphic file (type bmp)
<image/move2all.png>

Overfull \vbox (16.5851pt too high) has occurred while \output is active []

 [2



])
Overfull \vbox (16.5851pt too high) has occurred while \output is active []

 [3]
Overfull \vbox (16.5851pt too high) has occurred while \output is active []

 [4]
\openout2 = `chapters/sec3.aux'.

 (./chapters/sec3.tex
File: image/kokkaku.png Graphic file (type bmp)
<image/kokkaku.png>
File: image/apearance3_1.png Graphic file (type bmp)
<image/apearance3_1.png>
File: image/setukanmaku.jpg Graphic file (type bmp)
<image/setukanmaku.jpg>
File: image/ujo.JPG Graphic file (type bmp)
<image/ujo.JPG>

Overfull \vbox (16.5851pt too high) has occurred while \output is active []

 [5



]
File: image/degree_jikken.png Graphic file (type bmp)
<image/degree_jikken.png>
)
Overfull \vbox (16.5851pt too high) has occurred while \output is active []

 [6]
Overfull \vbox (16.5851pt too high) has occurred while \output is active []

 [7]
\openout2 = `chapters/sec4.aux'.

 (./chapters/sec4.tex
File: image/MPA_tanbu_1_1.jpg Graphic file (type bmp)
<image/MPA_tanbu_1_1.jpg>
File: image/MPA_tanbu_1_2.jpg Graphic file (type bmp)
<image/MPA_tanbu_1_2.jpg>
File: image/MPA_tanbu_2_2.jpg Graphic file (type bmp)
<image/MPA_tanbu_2_2.jpg>
File: image/MPA_tanbu_2_1.jpg Graphic file (type bmp)
<image/MPA_tanbu_2_1.jpg>

Overfull \vbox (16.5851pt too high) has occurred while \output is active []

 [8



]
File: image/messhu_hikaku_1.jpg Graphic file (type bmp)
<image/messhu_hikaku_1.jpg>
File: image/messhu_hikaku_2.jpg Graphic file (type bmp)
<image/messhu_hikaku_2.jpg>
File: image/hikaku_MPA_1.jpg Graphic file (type bmp)
<image/hikaku_MPA_1.jpg>
File: image/hikaku_MPA_2.jpg Graphic file (type bmp)
<image/hikaku_MPA_2.jpg>
File: image/messhu_tejyun.jpg Graphic file (type bmp)
<image/messhu_tejyun.jpg>

Overfull \vbox (16.5851pt too high) has occurred while \output is active []

 [9]
Overfull \vbox (16.5851pt too high) has occurred while \output is active []

 [10]
File: image/ujyoukin.jpg Graphic file (type bmp)
<image/ujyoukin.jpg>
File: image/yobi_syuseki.JPG Graphic file (type bmp)
<image/yobi_syuseki.JPG>
File: image/air_moshiki.png Graphic file (type bmp)
<image/air_moshiki.png>
File: image/tanbu_parts.jpg Graphic file (type bmp)
<image/tanbu_parts.jpg>
File: image/MPA_irast.jpg Graphic file (type bmp)
<image/MPA_irast.jpg>
File: image/uyjoukin_new.jpg Graphic file (type bmp)
<image/uyjoukin_new.jpg>

Overfull \vbox (16.5851pt too high) has occurred while \output is active []

 [11

])
Overfull \vbox (16.5851pt too high) has occurred while \output is active []

 [12]
\openout2 = `chapters/sec5.aux'.

 (./chapters/sec5.tex
File: image/jikki_2.png Graphic file (type bmp)
<image/jikki_2.png>
)
Overfull \vbox (16.5851pt too high) has occurred while \output is active []

 [13



]
\openout2 = `chapters/conclusion.aux'.

 (./chapters/conclusion.tex)
Overfull \vbox (16.5851pt too high) has occurred while \output is active []

 [14



]
\openout2 = `chapters/acknowledgement.aux'.

 (./chapters/acknowledgement.tex)
Overfull \vbox (16.5851pt too high) has occurred while \output is active []

 [15



]
\openout2 = `chapters/bibliography.aux'.

 (./chapters/bibliography.tex (./2024_hamaguchi_graduationthesis.bbl
LaTeX Font Info:    Kanji font shape `JY1/gt/m/it' undefined
(Font)              No change on input line 26.
LaTeX Font Info:    Kanji font shape `JY1/gt/m/it' undefined
(Font)              No change on input line 50.
))
Overfull \vbox (16.5851pt too high) has occurred while \output is active []

 [16



] (./2024_hamaguchi_graduationthesis.aux (./chapters/abstract.aux) (./chapters/introduction.aux) (./chapters/sec2.aux) (./chapters/sec3.aux) (./chapters/sec4.aux) (./chapters/sec5.aux) (./chapters/conclusion.aux) (./chapters/acknowledgement.aux) (./chapters/bibliography.aux))
 ***********
pLaTeX2e <2023-02-14>+1, based on
LaTeX2e <2023-11-01> patch level 1
L3 programming layer <2024-03-14>
 ***********
 ) 
Here is how much of TeX's memory you used:
 5977 strings out of 474761
 105756 string characters out of 5761786
 1930341 words of memory out of 5000000
 28157 multiletter control sequences out of 15000+600000
 573253 words of font info for 94 fonts, out of 8000000 for 9000
 929 hyphenation exceptions out of 8191
 71i,14n,79p,452b,639s stack positions out of 10000i,1000n,20000p,200000b,200000s

Output written on 2024_hamaguchi_graduationthesis.dvi (20 pages, 58520 bytes).
